[debug] [2024-02-19T05:45:17.990Z] ----------------------------------------------------------------------
[debug] [2024-02-19T05:45:17.993Z] Command:       C:\Program Files\nodejs\node.exe C:\Users\Muhammad_Bux\AppData\Roaming\npm\node_modules\firebase-tools\lib\bin\firebase.js init
[debug] [2024-02-19T05:45:17.993Z] CLI Version:   13.3.0
[debug] [2024-02-19T05:45:17.994Z] Platform:      win32
[debug] [2024-02-19T05:45:17.994Z] Node Version:  v18.14.0
[debug] [2024-02-19T05:45:17.995Z] Time:          Mon Feb 19 2024 10:45:17 GMT+0500 (Pakistan Standard Time)
[debug] [2024-02-19T05:45:17.995Z] ----------------------------------------------------------------------
[debug] 
[debug] [2024-02-19T05:45:18.004Z] > command requires scopes: ["email","openid","https://www.googleapis.com/auth/cloudplatformprojects.readonly","https://www.googleapis.com/auth/firebase","https://www.googleapis.com/auth/cloud-platform"]
[debug] [2024-02-19T05:45:18.005Z] > authorizing via signed-in user (mbux.270@gmail.com)
[info] 
     ######## #### ########  ######## ########     ###     ######  ########
     ##        ##  ##     ## ##       ##     ##  ##   ##  ##       ##
     ######    ##  ########  ######   ########  #########  ######  ######
     ##        ##  ##    ##  ##       ##     ## ##     ##       ## ##
     ##       #### ##     ## ######## ########  ##     ##  ######  ########

You're about to initialize a Firebase project in this directory:

  C:\xampp\htdocs\dongfang

Before we get started, keep in mind:

  * You are currently outside your home directory

[info] 
=== Project Setup
[info] 
[info] First, let's associate this project directory with a Firebase project.
[info] You can create multiple project aliases by running firebase use --add, 
[info] but for now we'll just set up a default project.
[info] 
[debug] [2024-02-19T05:45:38.936Z] >>> [apiv2][query] GET https://firebase.googleapis.com/v1beta1/projects pageSize=100
[debug] [2024-02-19T05:45:50.470Z] <<< [apiv2][status] GET https://firebase.googleapis.com/v1beta1/projects 200
[debug] [2024-02-19T05:45:50.471Z] <<< [apiv2][body] GET https://firebase.googleapis.com/v1beta1/projects [omitted]
[info] i  Using project dongfang-d29da (dongFang) 
[info] 
=== Firestore Setup
[debug] [2024-02-19T05:45:52.961Z] >>> [apiv2][query] GET https://serviceusage.googleapis.com/v1/projects/dongfang-d29da/services/firestore.googleapis.com [none]
[debug] [2024-02-19T05:45:52.961Z] >>> [apiv2][(partial)header] GET https://serviceusage.googleapis.com/v1/projects/dongfang-d29da/services/firestore.googleapis.com x-goog-quota-user=projects/dongfang-d29da
[debug] [2024-02-19T05:45:55.512Z] <<< [apiv2][status] GET https://serviceusage.googleapis.com/v1/projects/dongfang-d29da/services/firestore.googleapis.com 200
[debug] [2024-02-19T05:45:55.512Z] <<< [apiv2][body] GET https://serviceusage.googleapis.com/v1/projects/dongfang-d29da/services/firestore.googleapis.com [omitted]
[debug] [2024-02-19T05:45:55.512Z] >>> [apiv2][query] GET https://firestore.googleapis.com/v1/projects/dongfang-d29da/databases/(default) [none]
[debug] [2024-02-19T05:45:57.362Z] <<< [apiv2][status] GET https://firestore.googleapis.com/v1/projects/dongfang-d29da/databases/(default) 200
[debug] [2024-02-19T05:45:57.362Z] <<< [apiv2][body] GET https://firestore.googleapis.com/v1/projects/dongfang-d29da/databases/(default) {"name":"projects/dongfang-d29da/databases/(default)","uid":"36438fe6-c2e5-40a7-b01b-78a5659b4025","createTime":"2024-02-19T05:45:03.839045Z","updateTime":"2024-02-19T05:45:03.839045Z","locationId":"nam5","type":"FIRESTORE_NATIVE","concurrencyMode":"PESSIMISTIC","versionRetentionPeriod":"3600s","earliestVersionTime":"2024-02-19T05:45:03.839045Z","appEngineIntegrationMode":"DISABLED","keyPrefix":"s","pointInTimeRecoveryEnablement":"POINT_IN_TIME_RECOVERY_DISABLED","deleteProtectionState":"DELETE_PROTECTION_DISABLED","etag":"IPXOvt3ZtoQDMMWGmMPZtoQD"}
[debug] [2024-02-19T05:45:57.363Z] database_type: FIRESTORE_NATIVE
[debug] [2024-02-19T05:45:57.363Z] > command requires scopes: ["email","openid","https://www.googleapis.com/auth/cloudplatformprojects.readonly","https://www.googleapis.com/auth/firebase","https://www.googleapis.com/auth/cloud-platform"]
[debug] [2024-02-19T05:45:57.363Z] > authorizing via signed-in user (mbux.270@gmail.com)
[debug] [2024-02-19T05:45:57.363Z] [iam] checking project dongfang-d29da for permissions ["firebase.projects.get"]
[debug] [2024-02-19T05:45:57.364Z] >>> [apiv2][query] POST https://cloudresourcemanager.googleapis.com/v1/projects/dongfang-d29da:testIamPermissions [none]
[debug] [2024-02-19T05:45:57.364Z] >>> [apiv2][(partial)header] POST https://cloudresourcemanager.googleapis.com/v1/projects/dongfang-d29da:testIamPermissions x-goog-quota-user=projects/dongfang-d29da
[debug] [2024-02-19T05:45:57.364Z] >>> [apiv2][body] POST https://cloudresourcemanager.googleapis.com/v1/projects/dongfang-d29da:testIamPermissions {"permissions":["firebase.projects.get"]}
[debug] [2024-02-19T05:46:03.477Z] <<< [apiv2][status] POST https://cloudresourcemanager.googleapis.com/v1/projects/dongfang-d29da:testIamPermissions 200
[debug] [2024-02-19T05:46:03.477Z] <<< [apiv2][body] POST https://cloudresourcemanager.googleapis.com/v1/projects/dongfang-d29da:testIamPermissions {"permissions":["firebase.projects.get"]}
[info] 
[info] Firestore Security Rules allow you to define how and when to allow
[info] requests. You can keep these rules in your project directory
[info] and publish them with firebase deploy.
[info] 
[debug] [2024-02-19T05:46:16.695Z] >>> [apiv2][query] GET https://firebaserules.googleapis.com/v1/projects/dongfang-d29da/releases pageSize=10&pageToken=
[debug] [2024-02-19T05:46:21.417Z] <<< [apiv2][status] GET https://firebaserules.googleapis.com/v1/projects/dongfang-d29da/releases 200
[debug] [2024-02-19T05:46:21.417Z] <<< [apiv2][body] GET https://firebaserules.googleapis.com/v1/projects/dongfang-d29da/releases {"releases":[{"name":"projects/dongfang-d29da/releases/cloud.firestore","rulesetName":"projects/dongfang-d29da/rulesets/86680d48-3dac-480e-b800-8b21ebac42e7","createTime":"2024-02-19T05:45:10.776251Z","updateTime":"2024-02-19T05:45:10.776251Z"}]}
[debug] [2024-02-19T05:46:21.418Z] Found ruleset: projects/dongfang-d29da/rulesets/86680d48-3dac-480e-b800-8b21ebac42e7
[debug] [2024-02-19T05:46:21.419Z] >>> [apiv2][query] GET https://firebaserules.googleapis.com/v1/projects/dongfang-d29da/rulesets/86680d48-3dac-480e-b800-8b21ebac42e7 [none]
[debug] [2024-02-19T05:46:22.678Z] <<< [apiv2][status] GET https://firebaserules.googleapis.com/v1/projects/dongfang-d29da/rulesets/86680d48-3dac-480e-b800-8b21ebac42e7 200
[debug] [2024-02-19T05:46:22.678Z] <<< [apiv2][body] GET https://firebaserules.googleapis.com/v1/projects/dongfang-d29da/rulesets/86680d48-3dac-480e-b800-8b21ebac42e7 [omitted]
[info] 
[info] Firestore indexes allow you to perform complex queries while
[info] maintaining performance that scales with the size of the result
[info] set. You can keep index definitions in your project directory
[info] and publish them with firebase deploy.
[info] 
[debug] [2024-02-19T05:46:25.230Z] >>> [apiv2][query] GET https://firestore.googleapis.com/v1/projects/dongfang-d29da/databases/(default)/collectionGroups/-/indexes [none]
[debug] [2024-02-19T05:46:25.232Z] >>> [apiv2][query] GET https://firestore.googleapis.com/v1/projects/dongfang-d29da/databases/(default)/collectionGroups/-/fields?filter=indexConfig.usesAncestorConfig=false OR ttlConfig:* [none]
[debug] [2024-02-19T05:46:26.974Z] <<< [apiv2][status] GET https://firestore.googleapis.com/v1/projects/dongfang-d29da/databases/(default)/collectionGroups/-/indexes 200
[debug] [2024-02-19T05:46:26.974Z] <<< [apiv2][body] GET https://firestore.googleapis.com/v1/projects/dongfang-d29da/databases/(default)/collectionGroups/-/indexes {}
[debug] [2024-02-19T05:46:27.739Z] <<< [apiv2][status] GET https://firestore.googleapis.com/v1/projects/dongfang-d29da/databases/(default)/collectionGroups/-/fields?filter=indexConfig.usesAncestorConfig=false OR ttlConfig:* 200
[debug] [2024-02-19T05:46:27.739Z] <<< [apiv2][body] GET https://firestore.googleapis.com/v1/projects/dongfang-d29da/databases/(default)/collectionGroups/-/fields?filter=indexConfig.usesAncestorConfig=false OR ttlConfig:* {"fields":[{"name":"projects/dongfang-d29da/databases/(default)/collectionGroups/__default__/fields/*","indexConfig":{"indexes":[{"queryScope":"COLLECTION","fields":[{"fieldPath":"*","order":"ASCENDING"}],"state":"READY"},{"queryScope":"COLLECTION","fields":[{"fieldPath":"*","order":"DESCENDING"}],"state":"READY"},{"queryScope":"COLLECTION","fields":[{"fieldPath":"*","arrayConfig":"CONTAINS"}],"state":"READY"}]}}]}
[info] 
=== Hosting Setup
[debug] [2024-02-19T05:46:27.745Z] >>> [apiv2][query] GET https://firebase.googleapis.com/v1beta1/projects/dongfang-d29da [none]
[debug] [2024-02-19T05:46:28.800Z] <<< [apiv2][status] GET https://firebase.googleapis.com/v1beta1/projects/dongfang-d29da 200
[debug] [2024-02-19T05:46:28.801Z] <<< [apiv2][body] GET https://firebase.googleapis.com/v1beta1/projects/dongfang-d29da {"projectId":"dongfang-d29da","projectNumber":"1053538579075","displayName":"dongFang","name":"projects/dongfang-d29da","resources":{"hostingSite":"dongfang-d29da"},"state":"ACTIVE","etag":"1_7efb20d4-d704-43ec-8bd8-03c16f4078c0"}
[info] 
[info] Your public directory is the folder (relative to your project directory) that
[info] will contain Hosting assets to be uploaded with firebase deploy. If you
[info] have a build process for your assets, use your build's output directory.
[info] 
[debug] [2024-02-19T05:48:19.033Z] >>> [apiv2][query] GET https://www.gstatic.com/firebasejs/releases.json [none]
[debug] [2024-02-19T05:48:31.082Z] *** [apiv2] error from fetch(https://www.gstatic.com/firebasejs/releases.json, {"headers":{},"method":"GET"}): FetchError: request to https://www.gstatic.com/firebasejs/releases.json failed, reason: getaddrinfo ENOTFOUND www.gstatic.com
[debug] [2024-02-19T05:48:36.110Z] Error: Timed out.
    at Timeout._onTimeout (C:\Users\Muhammad_Bux\AppData\Roaming\npm\node_modules\firebase-tools\lib\utils.js:258:49)
    at listOnTimeout (node:internal/timers:569:17)
    at process.processTimers (node:internal/timers:512:7)
[error] 
[error] Error: An unexpected error has occurred.
[debug] [2024-02-19T05:55:20.435Z] ----------------------------------------------------------------------
[debug] [2024-02-19T05:55:20.437Z] Command:       C:\Program Files\nodejs\node.exe C:\Users\Muhammad_Bux\AppData\Roaming\npm\node_modules\firebase-tools\lib\bin\firebase.js init
[debug] [2024-02-19T05:55:20.438Z] CLI Version:   13.3.0
[debug] [2024-02-19T05:55:20.438Z] Platform:      win32
[debug] [2024-02-19T05:55:20.438Z] Node Version:  v18.14.0
[debug] [2024-02-19T05:55:20.460Z] Time:          Mon Feb 19 2024 10:55:20 GMT+0500 (Pakistan Standard Time)
[debug] [2024-02-19T05:55:20.460Z] ----------------------------------------------------------------------
[debug] 
[debug] [2024-02-19T05:55:20.473Z] > command requires scopes: ["email","openid","https://www.googleapis.com/auth/cloudplatformprojects.readonly","https://www.googleapis.com/auth/firebase","https://www.googleapis.com/auth/cloud-platform"]
[debug] [2024-02-19T05:55:20.474Z] > authorizing via signed-in user (mbux.270@gmail.com)
[info] 
     ######## #### ########  ######## ########     ###     ######  ########
     ##        ##  ##     ## ##       ##     ##  ##   ##  ##       ##
     ######    ##  ########  ######   ########  #########  ######  ######
     ##        ##  ##    ##  ##       ##     ## ##     ##       ## ##
     ##       #### ##     ## ######## ########  ##     ##  ######  ########

You're about to initialize a Firebase project in this directory:

  C:\xampp\htdocs\dongfang

Before we get started, keep in mind:

  * You are currently outside your home directory

[info] 
=== Project Setup
[info] 
[info] First, let's associate this project directory with a Firebase project.
[info] You can create multiple project aliases by running firebase use --add, 
[info] but for now we'll just set up a default project.
[info] 
